hdegla@mapcom-group.com
iatchade@mapcom-group.com
badankon@mapcom-group.com
hgnimadi@mapcom-group.com
enenonene@mapcom-group.com
etodegla@mapcom-group.com
mako@mapcom-group.com
samadou@mapcom-group.com
pvitto@mapcom-group.com
icoulibaly@mapcom-group.com
hdegla@mapcom-group.com
iatchade@mapcom-group.com
badankon@mapcom-group.com
hgnimadi@mapcom-group.com
enenonene@mapcom-group.com
etodegla@mapcom-group.com
mako@mapcom-group.com
samadou@mapcom-group.com
pvitto@mapcom-group.com
icoulibaly@mapcom-group.com

