69 YES
3 YES
4 NO
80 NO
1000 NO
11 NO
3000 NO
6000 NO
9000 NO
333 NO
99 NO
999 NO
999679 YES
999683 YES
999687 YES
999699 YES
999709 YES
999711 YES
999759 YES
999763 YES
999773 YES
999783 YES
999839 YES
999849 YES
999853 YES
999863 YES
999869 YES
999883 YES
999927 YES
999953 YES
999969 YES
999983 YES
900000 NO
910001 NO
930003 NO
950005 NO
970007 NO
990009 NO
999999 NO
999679 YES
999683 YES
999687 YES
999699 YES
999709 YES
999711 YES
999759 YES
999763 YES
999773 YES
999783 YES
999839 YES
999849 YES
999853 YES
999863 YES
999869 YES
999883 YES
999927 YES
999953 YES
999969 YES
999983 YES
900000 NO
910001 NO
930003 NO
950005 NO
970007 NO
990009 NO
999999 NO
999679 YES
999683 YES
999687 YES
999699 YES
999709 YES
999711 YES
999759 YES
999763 YES
999773 YES
999783 YES
999839 YES
999849 YES
999853 YES
999863 YES
999869 YES
999883 YES
999927 YES
999953 YES
999969 YES
999983 YES
900000 NO
910001 NO
930003 NO
950005 NO
970007 NO
990009 NO
999999 NO
999679 YES
999683 YES
999687 YES
999699 YES
999709 YES
999711 YES
999759 YES
999763 YES
999773 YES
999783 YES
999839 YES
999849 YES
999853 YES
999863 YES
999869 YES
999883 YES
999927 YES
999953 YES
999969 YES
999983 YES
900000 NO
910001 NO
930003 NO
950005 NO
970007 NO
990009 NO
999999 NO
