PUZZLE #1
1 0 1 0 0 1 
1 1 0 1 0 1 
0 0 1 0 1 1 
1 0 0 1 0 0 
0 1 0 0 0 0 
PUZZLE #2
1 0 0 1 1 1 
1 1 0 0 0 0 
0 0 0 1 0 0 
1 1 0 1 0 1 
1 0 1 1 0 1 
PUZZLE #3
0 0 0 0 0 0 
0 0 0 0 0 0 
0 0 0 0 0 0 
0 0 0 0 0 0 
0 0 0 0 0 0 
PUZZLE #4
0 0 1 1 0 0 
1 0 1 1 0 1 
0 1 0 0 1 0 
1 0 1 1 0 1 
0 0 1 1 0 0 
PUZZLE #5
0 1 1 0 1 0 
1 1 0 1 1 0 
0 0 1 1 1 0 
1 1 0 1 1 0 
0 1 1 0 1 0 
PUZZLE #6
0 1 0 1 1 0 
0 1 1 0 1 1 
0 1 1 1 0 0 
0 1 1 0 1 1 
0 1 0 1 1 0 
PUZZLE #7
1 1 1 1 1 1 
1 0 0 0 0 1 
1 0 1 1 0 1 
1 0 0 0 0 1 
1 1 1 1 1 1 
PUZZLE #8
1 1 1 1 1 1 
1 1 1 1 1 1 
1 1 0 0 1 1 
1 1 1 1 1 1 
1 1 1 1 1 1 
PUZZLE #9
0 0 0 1 0 0 
1 0 1 1 1 0 
1 0 0 0 0 1 
0 1 1 1 0 1 
0 0 1 0 0 0 
PUZZLE #10
1 0 1 0 0 1 
1 1 0 1 0 1 
0 0 1 0 1 1 
1 0 0 1 0 0 
0 1 0 0 0 0 
PUZZLE #11
1 1 1 1 1 1 
0 1 1 1 1 0 
0 1 0 0 1 0 
0 1 1 1 1 0 
1 1 1 1 1 1 
PUZZLE #12
0 0 0 0 0 0 
1 1 1 1 1 1 
1 0 0 0 0 1 
1 1 1 1 1 1 
0 0 0 0 0 0 
PUZZLE #13
1 1 1 1 1 1 
0 1 0 0 1 0 
0 0 0 0 0 0 
0 1 0 0 1 0 
1 1 1 1 1 1 
PUZZLE #14
1 0 1 1 0 1 
0 1 1 1 1 0 
1 1 1 1 1 1 
0 1 1 1 1 0 
1 0 1 1 0 1 
